/home/Jason/edk2_workspace/edk2_UDK2018/edk2-vUDK2018/Build/AppPkg/DEBUG_GCC48/X64/StdLib/LibC/Locale/Locale/OUTPUT/__mb_cur_max.obj
/home/Jason/edk2_workspace/edk2_UDK2018/edk2-vUDK2018/Build/AppPkg/DEBUG_GCC48/X64/StdLib/LibC/Locale/Locale/OUTPUT/_def_messages.obj
/home/Jason/edk2_workspace/edk2_UDK2018/edk2-vUDK2018/Build/AppPkg/DEBUG_GCC48/X64/StdLib/LibC/Locale/Locale/OUTPUT/_def_monetary.obj
/home/Jason/edk2_workspace/edk2_UDK2018/edk2-vUDK2018/Build/AppPkg/DEBUG_GCC48/X64/StdLib/LibC/Locale/Locale/OUTPUT/_def_numeric.obj
/home/Jason/edk2_workspace/edk2_UDK2018/edk2-vUDK2018/Build/AppPkg/DEBUG_GCC48/X64/StdLib/LibC/Locale/Locale/OUTPUT/_def_time.obj
/home/Jason/edk2_workspace/edk2_UDK2018/edk2-vUDK2018/Build/AppPkg/DEBUG_GCC48/X64/StdLib/LibC/Locale/Locale/OUTPUT/aliasname.obj
/home/Jason/edk2_workspace/edk2_UDK2018/edk2-vUDK2018/Build/AppPkg/DEBUG_GCC48/X64/StdLib/LibC/Locale/Locale/OUTPUT/ctypeio.obj
/home/Jason/edk2_workspace/edk2_UDK2018/edk2-vUDK2018/Build/AppPkg/DEBUG_GCC48/X64/StdLib/LibC/Locale/Locale/OUTPUT/localeconv.obj
/home/Jason/edk2_workspace/edk2_UDK2018/edk2-vUDK2018/Build/AppPkg/DEBUG_GCC48/X64/StdLib/LibC/Locale/Locale/OUTPUT/nl_langinfo.obj
/home/Jason/edk2_workspace/edk2_UDK2018/edk2-vUDK2018/Build/AppPkg/DEBUG_GCC48/X64/StdLib/LibC/Locale/Locale/OUTPUT/setlocale1.obj
/home/Jason/edk2_workspace/edk2_UDK2018/edk2-vUDK2018/Build/AppPkg/DEBUG_GCC48/X64/StdLib/LibC/Locale/Locale/OUTPUT/setlocale32.obj
/home/Jason/edk2_workspace/edk2_UDK2018/edk2-vUDK2018/Build/AppPkg/DEBUG_GCC48/X64/StdLib/LibC/Locale/Locale/OUTPUT/setlocale.obj
/home/Jason/edk2_workspace/edk2_UDK2018/edk2-vUDK2018/Build/AppPkg/DEBUG_GCC48/X64/StdLib/LibC/Locale/Locale/OUTPUT/wcscoll.obj
/home/Jason/edk2_workspace/edk2_UDK2018/edk2-vUDK2018/Build/AppPkg/DEBUG_GCC48/X64/StdLib/LibC/Locale/Locale/OUTPUT/wcsftime.obj
/home/Jason/edk2_workspace/edk2_UDK2018/edk2-vUDK2018/Build/AppPkg/DEBUG_GCC48/X64/StdLib/LibC/Locale/Locale/OUTPUT/wcstoimax.obj
/home/Jason/edk2_workspace/edk2_UDK2018/edk2-vUDK2018/Build/AppPkg/DEBUG_GCC48/X64/StdLib/LibC/Locale/Locale/OUTPUT/wcstol.obj
/home/Jason/edk2_workspace/edk2_UDK2018/edk2-vUDK2018/Build/AppPkg/DEBUG_GCC48/X64/StdLib/LibC/Locale/Locale/OUTPUT/wcstoll.obj
/home/Jason/edk2_workspace/edk2_UDK2018/edk2-vUDK2018/Build/AppPkg/DEBUG_GCC48/X64/StdLib/LibC/Locale/Locale/OUTPUT/wcstoul.obj
/home/Jason/edk2_workspace/edk2_UDK2018/edk2-vUDK2018/Build/AppPkg/DEBUG_GCC48/X64/StdLib/LibC/Locale/Locale/OUTPUT/wcstoull.obj
/home/Jason/edk2_workspace/edk2_UDK2018/edk2-vUDK2018/Build/AppPkg/DEBUG_GCC48/X64/StdLib/LibC/Locale/Locale/OUTPUT/wcstoumax.obj
/home/Jason/edk2_workspace/edk2_UDK2018/edk2-vUDK2018/Build/AppPkg/DEBUG_GCC48/X64/StdLib/LibC/Locale/Locale/OUTPUT/wcstod.obj
/home/Jason/edk2_workspace/edk2_UDK2018/edk2-vUDK2018/Build/AppPkg/DEBUG_GCC48/X64/StdLib/LibC/Locale/Locale/OUTPUT/wcstof.obj
/home/Jason/edk2_workspace/edk2_UDK2018/edk2-vUDK2018/Build/AppPkg/DEBUG_GCC48/X64/StdLib/LibC/Locale/Locale/OUTPUT/wcstold.obj
/home/Jason/edk2_workspace/edk2_UDK2018/edk2-vUDK2018/Build/AppPkg/DEBUG_GCC48/X64/StdLib/LibC/Locale/Locale/OUTPUT/wcsxfrm.obj
/home/Jason/edk2_workspace/edk2_UDK2018/edk2-vUDK2018/Build/AppPkg/DEBUG_GCC48/X64/StdLib/LibC/Locale/Locale/OUTPUT/multibyte_Utf8.obj
/home/Jason/edk2_workspace/edk2_UDK2018/edk2-vUDK2018/Build/AppPkg/DEBUG_GCC48/X64/StdLib/LibC/Locale/Locale/OUTPUT/iswctype_sb.obj