/home/Jason/edk2_workspace/edk2_UDK2018/edk2-vUDK2018/Build/AppPkg/DEBUG_GCC48/X64/ShellPkg/Library/UefiShellCEntryLib/UefiShellCEntryLib/OUTPUT/UefiShellCEntryLib.lib
/home/Jason/edk2_workspace/edk2_UDK2018/edk2-vUDK2018/Build/AppPkg/DEBUG_GCC48/X64/StdLib/LibC/Signal/Signal/OUTPUT/LibSignal.lib
/home/Jason/edk2_workspace/edk2_UDK2018/edk2-vUDK2018/Build/AppPkg/DEBUG_GCC48/X64/MdePkg/Library/BasePrintLib/BasePrintLib/OUTPUT/BasePrintLib.lib
/home/Jason/edk2_workspace/edk2_UDK2018/edk2-vUDK2018/Build/AppPkg/DEBUG_GCC48/X64/StdLib/LibC/Uefi/Devices/daUtility/OUTPUT/DevUtility.lib
/home/Jason/edk2_workspace/edk2_UDK2018/edk2-vUDK2018/Build/AppPkg/DEBUG_GCC48/X64/StdLib/PosixLib/Gen/LibGen/OUTPUT/LibGen.lib
/home/Jason/edk2_workspace/edk2_UDK2018/edk2-vUDK2018/Build/AppPkg/DEBUG_GCC48/X64/MdePkg/Library/UefiMemoryAllocationLib/UefiMemoryAllocationLib/OUTPUT/UefiMemoryAllocationLib.lib
/home/Jason/edk2_workspace/edk2_UDK2018/edk2-vUDK2018/Build/AppPkg/DEBUG_GCC48/X64/StdLib/LibC/Uefi/Uefi/OUTPUT/LibUefi.lib
/home/Jason/edk2_workspace/edk2_UDK2018/edk2-vUDK2018/Build/AppPkg/DEBUG_GCC48/X64/StdLib/LibC/Time/Time/OUTPUT/LibTime.lib
/home/Jason/edk2_workspace/edk2_UDK2018/edk2-vUDK2018/Build/AppPkg/DEBUG_GCC48/X64/StdLib/LibC/String/String/OUTPUT/LibString.lib
/home/Jason/edk2_workspace/edk2_UDK2018/edk2-vUDK2018/Build/AppPkg/DEBUG_GCC48/X64/StdLib/LibC/StdLib/StdLib/OUTPUT/LibStdLib.lib
/home/Jason/edk2_workspace/edk2_UDK2018/edk2-vUDK2018/Build/AppPkg/DEBUG_GCC48/X64/StdLib/LibC/Locale/Locale/OUTPUT/LibLocale.lib
/home/Jason/edk2_workspace/edk2_UDK2018/edk2-vUDK2018/Build/AppPkg/DEBUG_GCC48/X64/StdLib/LibC/gdtoa/gdtoa/OUTPUT/LibGdtoa.lib
/home/Jason/edk2_workspace/edk2_UDK2018/edk2-vUDK2018/Build/AppPkg/DEBUG_GCC48/X64/StdLib/LibC/Ctype/Ctype/OUTPUT/LibCtype.lib
/home/Jason/edk2_workspace/edk2_UDK2018/edk2-vUDK2018/Build/AppPkg/DEBUG_GCC48/X64/MdePkg/Library/BaseLib/BaseLib/OUTPUT/BaseLib.lib
/home/Jason/edk2_workspace/edk2_UDK2018/edk2-vUDK2018/Build/AppPkg/DEBUG_GCC48/X64/MdePkg/Library/BaseMemoryLib/BaseMemoryLib/OUTPUT/BaseMemoryLib.lib
/home/Jason/edk2_workspace/edk2_UDK2018/edk2-vUDK2018/Build/AppPkg/DEBUG_GCC48/X64/MdePkg/Library/BaseDebugLibNull/BaseDebugLibNull/OUTPUT/BaseDebugLibNull.lib
/home/Jason/edk2_workspace/edk2_UDK2018/edk2-vUDK2018/Build/AppPkg/DEBUG_GCC48/X64/MdePkg/Library/BasePcdLibNull/BasePcdLibNull/OUTPUT/BasePcdLibNull.lib
/home/Jason/edk2_workspace/edk2_UDK2018/edk2-vUDK2018/Build/AppPkg/DEBUG_GCC48/X64/StdLib/LibC/Stdio/Stdio/OUTPUT/LibStdio.lib
/home/Jason/edk2_workspace/edk2_UDK2018/edk2-vUDK2018/Build/AppPkg/DEBUG_GCC48/X64/StdLib/LibC/LibC/OUTPUT/LibC.lib
/home/Jason/edk2_workspace/edk2_UDK2018/edk2-vUDK2018/Build/AppPkg/DEBUG_GCC48/X64/MdePkg/Library/UefiApplicationEntryPoint/UefiApplicationEntryPoint/OUTPUT/UefiApplicationEntryPoint.lib
/home/Jason/edk2_workspace/edk2_UDK2018/edk2-vUDK2018/Build/AppPkg/DEBUG_GCC48/X64/StdLib/LibC/Containers/ContainerLib/OUTPUT/LibContainer.lib
/home/Jason/edk2_workspace/edk2_UDK2018/edk2-vUDK2018/Build/AppPkg/DEBUG_GCC48/X64/StdLib/LibC/Uefi/InteractiveIO/IIO/OUTPUT/LibIIO.lib
/home/Jason/edk2_workspace/edk2_UDK2018/edk2-vUDK2018/Build/AppPkg/DEBUG_GCC48/X64/StdLib/LibC/Wchar/Wchar/OUTPUT/LibWchar.lib
/home/Jason/edk2_workspace/edk2_UDK2018/edk2-vUDK2018/Build/AppPkg/DEBUG_GCC48/X64/MdePkg/Library/UefiBootServicesTableLib/UefiBootServicesTableLib/OUTPUT/UefiBootServicesTableLib.lib
/home/Jason/edk2_workspace/edk2_UDK2018/edk2-vUDK2018/Build/AppPkg/DEBUG_GCC48/X64/StdLib/LibC/Uefi/Devices/daConsole/OUTPUT/DevConsole.lib
/home/Jason/edk2_workspace/edk2_UDK2018/edk2-vUDK2018/Build/AppPkg/DEBUG_GCC48/X64/MdePkg/Library/UefiDevicePathLib/UefiDevicePathLib/OUTPUT/UefiDevicePathLib.lib
/home/Jason/edk2_workspace/edk2_UDK2018/edk2-vUDK2018/Build/AppPkg/DEBUG_GCC48/X64/MdePkg/Library/UefiRuntimeServicesTableLib/UefiRuntimeServicesTableLib/OUTPUT/UefiRuntimeServicesTableLib.lib
/home/Jason/edk2_workspace/edk2_UDK2018/edk2-vUDK2018/Build/AppPkg/DEBUG_GCC48/X64/MdePkg/Library/UefiLib/UefiLib/OUTPUT/UefiLib.lib
/home/Jason/edk2_workspace/edk2_UDK2018/edk2-vUDK2018/Build/AppPkg/DEBUG_GCC48/X64/MdeModulePkg/Library/UefiSortLib/UefiSortLib/OUTPUT/UefiSortLib.lib
/home/Jason/edk2_workspace/edk2_UDK2018/edk2-vUDK2018/Build/AppPkg/DEBUG_GCC48/X64/MdeModulePkg/Library/UefiHiiLib/UefiHiiLib/OUTPUT/UefiHiiLib.lib
/home/Jason/edk2_workspace/edk2_UDK2018/edk2-vUDK2018/Build/AppPkg/DEBUG_GCC48/X64/MdePkg/Library/UefiFileHandleLib/UefiFileHandleLib/OUTPUT/UefiFileHandleLib.lib
/home/Jason/edk2_workspace/edk2_UDK2018/edk2-vUDK2018/Build/AppPkg/DEBUG_GCC48/X64/ShellPkg/Library/UefiShellLib/UefiShellLib/OUTPUT/UefiShellLib.lib
/home/Jason/edk2_workspace/edk2_UDK2018/edk2-vUDK2018/Build/AppPkg/DEBUG_GCC48/X64/MdeModulePkg/Library/UefiHiiServicesLib/UefiHiiServicesLib/OUTPUT/UefiHiiServicesLib.lib
/home/Jason/edk2_workspace/edk2_UDK2018/edk2-vUDK2018/Build/AppPkg/DEBUG_GCC48/X64/MdePkg/Library/BaseIoLibIntrinsic/BaseIoLibIntrinsic/OUTPUT/BaseIoLibIntrinsic.lib
/home/Jason/edk2_workspace/edk2_UDK2018/edk2-vUDK2018/Build/AppPkg/DEBUG_GCC48/X64/uefi/book/FileIo/FileIo/OUTPUT/TestFileIo.lib